<?xml version="1.0" encoding="UTF-8"?>
<!-- Generated by org.testng.reporters.JUnitReportReporter -->
<testsuite hostname="Keyur" name="com.test.SeleniumTest.ChromeTest" tests="1" failures="0" timestamp="23 Aug 2020 15:05:54 GMT" time="5.312" errors="0">
  <testcase name="test" time="5.312" classname="com.test.SeleniumTest.ChromeTest"/>
</testsuite> <!-- com.test.SeleniumTest.ChromeTest -->
