<?xml version="1.0" encoding="UTF-8"?>
<!-- Generated by org.testng.reporters.JUnitReportReporter -->
<testsuite hostname="Keyur" name="com.test.SeleniumTest.ChromeTest" tests="1" failures="0" timestamp="23 Aug 2020 14:32:14 GMT" time="3.259" errors="0">
  <testcase name="test" time="3.259" classname="com.test.SeleniumTest.ChromeTest"/>
</testsuite> <!-- com.test.SeleniumTest.ChromeTest -->
